#
# There is insufficient memory for the Java Runtime Environment to continue.
# Native memory allocation (mmap) failed to map 266338304 bytes for G1 virtual space
# Possible reasons:
#   The system is out of physical RAM or swap space
#   The process is running with CompressedOops enabled, and the Java Heap may be blocking the growth of the native heap
# Possible solutions:
#   Reduce memory load on the system
#   Increase physical memory or swap space
#   Check if swap backing store is full
#   Decrease Java heap size (-Xmx/-Xms)
#   Decrease number of Java threads
#   Decrease Java thread stack sizes (-Xss)
#   Set larger code cache with -XX:ReservedCodeCacheSize=
#   JVM is running with Zero Based Compressed Oops mode in which the Java heap is
#     placed in the first 32GB address space. The Java Heap base address is the
#     maximum limit for the native heap growth. Please use -XX:HeapBaseMinAddress
#     to set the Java Heap base and to place the Java Heap above 32GB virtual address.
# This output file may be truncated or incomplete.
#
#  Out of Memory Error (os_windows.cpp:3530), pid=8064, tid=16208
#
# JRE version:  (18.0.2+9) (build )
# Java VM: Java HotSpot(TM) 64-Bit Server VM (18.0.2+9-61, mixed mode, sharing, tiered, compressed oops, compressed class ptrs, g1 gc, windows-amd64)
# No core dump will be written. Minidumps are not enabled by default on client versions of Windows
#

---------------  S U M M A R Y ------------

Command Line: -ea -Dfile.encoding=UTF-8 -Dstdout.encoding=UTF-8 -Dstderr.encoding=UTF-8 -XX:+ShowCodeDetailsInExceptionMessages frontend.FrontEndService

Host: Intel(R) Core(TM) i7-10510U CPU @ 1.80GHz, 8 cores, 15G,  Windows 11 , 64 bit Build 22621 (10.0.22621.3958)
Time: Mon Oct 28 18:15:07 2024 West Bank Gaza Standard Time elapsed time: 0.017717 seconds (0d 0h 0m 0s)

---------------  T H R E A D  ---------------

Current thread (0x000001af01fe84f0):  JavaThread "Unknown thread" [_thread_in_vm, id=16208, stack(0x0000006af6300000,0x0000006af6400000)]

Stack: [0x0000006af6300000,0x0000006af6400000]
Native frames: (J=compiled Java code, j=interpreted, Vv=VM code, C=native code)
V  [jvm.dll+0x6993ca]
V  [jvm.dll+0x7f481d]
V  [jvm.dll+0x7f612e]
V  [jvm.dll+0x7f67e3]
V  [jvm.dll+0x25cdaf]
V  [jvm.dll+0x696319]
V  [jvm.dll+0x68ae4a]
V  [jvm.dll+0x3223eb]
V  [jvm.dll+0x329dc6]
V  [jvm.dll+0x37eade]
V  [jvm.dll+0x37ed0f]
V  [jvm.dll+0x2fa16a]
V  [jvm.dll+0x2fb1cd]
V  [jvm.dll+0x7c3450]
V  [jvm.dll+0x38be61]
V  [jvm.dll+0x7a2073]
V  [jvm.dll+0x40dc3f]
V  [jvm.dll+0x40f611]
C  [jli.dll+0x526b]
C  [ucrtbase.dll+0x29333]
C  [KERNEL32.DLL+0x1257d]
C  [ntdll.dll+0x5af08]


---------------  P R O C E S S  ---------------

Threads class SMR info:
_java_thread_list=0x00007fff6553e550, length=0, elements={
}

Java Threads: ( => current thread )

Other Threads:
  0x000001af0205af50 WorkerThread "GC Thread#0" [stack: 0x0000006af6400000,0x0000006af6500000] [id=11524]
  0x000001af0206c2a0 ConcurrentGCThread "G1 Main Marker" [stack: 0x0000006af6500000,0x0000006af6600000] [id=4740]
  0x000001af0206e340 WorkerThread "G1 Conc#0" [stack: 0x0000006af6600000,0x0000006af6700000] [id=6388]

[error occurred during error reporting (printing all threads), id 0xc0000005, EXCEPTION_ACCESS_VIOLATION (0xc0000005) at pc=0x00007fff64d6a707]

VM state: not at safepoint (not fully initialized)

VM Mutex/Monitor currently owned by a thread:  ([mutex/lock_event])
[0x000001af01fe7b80] Heap_lock - owner thread: 0x000001af01fe84f0

Heap address: 0x0000000702800000, size: 4056 MB, Compressed Oops mode: Zero based, Oop shift amount: 3

CDS archive(s) mapped at: [0x0000000000000000-0x0000000000000000-0x0000000000000000), size 0, SharedBaseAddress: 0x0000000800000000, ArchiveRelocationMode: 0.
Narrow klass base: 0x0000000000000000, Narrow klass shift: 0, Narrow klass range: 0x0

GC Precious Log:
 CardTable entry size: 512
 Card Set container configuration: InlinePtr #cards 4 size 8 Array Of Cards #cards 16 size 48 Howl #buckets 8 coarsen threshold 3686 Howl Bitmap #cards 512 size 80 coarsen threshold 460 Card regions per heap region 1 cards per card region 4096

Heap:
 garbage-first heap   total 0K, used 0K [0x0000000702800000, 0x0000000800000000)
  region size 2048K, 0 young (0K), 0 survivors (0K)

[error occurred during error reporting (printing heap information), id 0xc0000005, EXCEPTION_ACCESS_VIOLATION (0xc0000005) at pc=0x00007fff65151859]

GC Heap History (0 events):
No events

Deoptimization events (0 events):
No events

Classes loaded (0 events):
No events

Classes unloaded (0 events):
No events

Classes redefined (0 events):
No events

Internal exceptions (0 events):
No events

VM Operations (0 events):
No events

Events (1 events):
Event: 0.011 Loaded shared library C:\Program Files\Java\jdk-18.0.2\bin\java.dll


Dynamic libraries:
0x00007ff78aed0000 - 0x00007ff78aee0000 	C:\Program Files\Java\jdk-18.0.2\bin\javaw.exe
0x00007ff820a90000 - 0x00007ff820ca7000 	C:\WINDOWS\SYSTEM32\ntdll.dll
0x00007ff8207f0000 - 0x00007ff8208b4000 	C:\WINDOWS\System32\KERNEL32.DLL
0x00007ff81def0000 - 0x00007ff81e2a7000 	C:\WINDOWS\System32\KERNELBASE.dll
0x00007ff81e350000 - 0x00007ff81e461000 	C:\WINDOWS\System32\ucrtbase.dll
0x00007fffee650000 - 0x00007fffee668000 	C:\Program Files\Java\jdk-18.0.2\bin\jli.dll
0x00007ff8208c0000 - 0x00007ff820972000 	C:\WINDOWS\System32\ADVAPI32.dll
0x00007fffee630000 - 0x00007fffee64a000 	C:\Program Files\Java\jdk-18.0.2\bin\VCRUNTIME140.dll
0x00007ff81fa30000 - 0x00007ff81fad7000 	C:\WINDOWS\System32\msvcrt.dll
0x00007ff81e7d0000 - 0x00007ff81e878000 	C:\WINDOWS\System32\sechost.dll
0x00007ff81e2b0000 - 0x00007ff81e2d8000 	C:\WINDOWS\System32\bcrypt.dll
0x00007ff81f790000 - 0x00007ff81f8a4000 	C:\WINDOWS\System32\RPCRT4.dll
0x00007ff81e880000 - 0x00007ff81ea2f000 	C:\WINDOWS\System32\USER32.dll
0x00007ff81dda0000 - 0x00007ff81ddc6000 	C:\WINDOWS\System32\win32u.dll
0x00007ff804f30000 - 0x00007ff8051c3000 	C:\WINDOWS\WinSxS\amd64_microsoft.windows.common-controls_6595b64144ccf1df_6.0.22621.3672_none_2713b9d173822955\COMCTL32.dll
0x00007ff81eb40000 - 0x00007ff81eb69000 	C:\WINDOWS\System32\GDI32.dll
0x00007ff81ddd0000 - 0x00007ff81dee8000 	C:\WINDOWS\System32\gdi32full.dll
0x00007ff81e470000 - 0x00007ff81e50a000 	C:\WINDOWS\System32\msvcp_win.dll
0x00007ff818280000 - 0x00007ff81828a000 	C:\WINDOWS\SYSTEM32\VERSION.dll
0x00007ff820a10000 - 0x00007ff820a41000 	C:\WINDOWS\System32\IMM32.DLL
0x00007ff802640000 - 0x00007ff80264c000 	C:\Program Files\Java\jdk-18.0.2\bin\vcruntime140_1.dll
0x00007fffcb980000 - 0x00007fffcba0d000 	C:\Program Files\Java\jdk-18.0.2\bin\msvcp140.dll
0x00007fff64a60000 - 0x00007fff65671000 	C:\Program Files\Java\jdk-18.0.2\bin\server\jvm.dll
0x00007ff81e7c0000 - 0x00007ff81e7c8000 	C:\WINDOWS\System32\PSAPI.DLL
0x00007ffff6e10000 - 0x00007ffff6e19000 	C:\WINDOWS\SYSTEM32\WSOCK32.dll
0x00007ff804d50000 - 0x00007ff804d84000 	C:\WINDOWS\SYSTEM32\WINMM.dll
0x00007ff81ec90000 - 0x00007ff81ed01000 	C:\WINDOWS\System32\WS2_32.dll
0x00007ff81cdb0000 - 0x00007ff81cdc8000 	C:\WINDOWS\SYSTEM32\kernel.appcore.dll
0x00007ff815700000 - 0x00007ff81570a000 	C:\Program Files\Java\jdk-18.0.2\bin\jimage.dll
0x00007ff81b6e0000 - 0x00007ff81b912000 	C:\WINDOWS\SYSTEM32\DBGHELP.DLL
0x00007ff8203c0000 - 0x00007ff82074e000 	C:\WINDOWS\System32\combase.dll
0x00007ff8202e0000 - 0x00007ff8203b7000 	C:\WINDOWS\System32\OLEAUT32.dll
0x00007fffe8560000 - 0x00007fffe8592000 	C:\WINDOWS\SYSTEM32\dbgcore.DLL
0x00007ff81e510000 - 0x00007ff81e58b000 	C:\WINDOWS\System32\bcryptPrimitives.dll
0x00007ffff0670000 - 0x00007ffff0695000 	C:\Program Files\Java\jdk-18.0.2\bin\java.dll

dbghelp: loaded successfully - version: 4.0.5 - missing functions: none
symbol engine: initialized successfully - sym options: 0x614 - pdb path: .;C:\Program Files\Java\jdk-18.0.2\bin;C:\WINDOWS\SYSTEM32;C:\WINDOWS\WinSxS\amd64_microsoft.windows.common-controls_6595b64144ccf1df_6.0.22621.3672_none_2713b9d173822955;C:\Program Files\Java\jdk-18.0.2\bin\server

VM Arguments:
jvm_args: -ea -Dfile.encoding=UTF-8 -Dstdout.encoding=UTF-8 -Dstderr.encoding=UTF-8 -XX:+ShowCodeDetailsInExceptionMessages 
java_command: frontend.FrontEndService
java_class_path (initial): C:\Users\SYSCOM\eclipse-workspace\BazarBookStore\target\classes;C:\Users\SYSCOM\.m2\repository\com\sparkjava\spark-core\2.9.3\spark-core-2.9.3.jar;C:\Users\SYSCOM\.m2\repository\org\slf4j\slf4j-api\1.7.25\slf4j-api-1.7.25.jar;C:\Users\SYSCOM\.m2\repository\org\eclipse\jetty\jetty-server\9.4.31.v20200723\jetty-server-9.4.31.v20200723.jar;C:\Users\SYSCOM\.m2\repository\javax\servlet\javax.servlet-api\3.1.0\javax.servlet-api-3.1.0.jar;C:\Users\SYSCOM\.m2\repository\org\eclipse\jetty\jetty-http\9.4.31.v20200723\jetty-http-9.4.31.v20200723.jar;C:\Users\SYSCOM\.m2\repository\org\eclipse\jetty\jetty-util\9.4.31.v20200723\jetty-util-9.4.31.v20200723.jar;C:\Users\SYSCOM\.m2\repository\org\eclipse\jetty\jetty-io\9.4.31.v20200723\jetty-io-9.4.31.v20200723.jar;C:\Users\SYSCOM\.m2\repository\org\eclipse\jetty\jetty-webapp\9.4.31.v20200723\jetty-webapp-9.4.31.v20200723.jar;C:\Users\SYSCOM\.m2\repository\org\eclipse\jetty\jetty-xml\9.4.31.v20200723\jetty-xml-9.4.31.v20200723.jar;C:\Users\SYSCOM\.m2\repository\org\eclipse\jetty\jetty-servlet\9.4.31.v20200723\jetty-servlet-9.4.31.v20200723.jar;C:\Users\SYSCOM\.m2\repository\org\eclipse\jetty\jetty-security\9.4.31.v20200723\jetty-security-9.4.31.v20200723.jar;C:\Users\SYSCOM\.m2\repository\org\eclipse\jetty\websocket\websocket-server\9.4.31.v20200723\websocket-server-9.4.31.v20200723.jar;C:\Users\SYSCOM\.m2\repository\org\eclipse\jetty\websocket\websocket-common\9.4.31.v20200723\websocket-common-9.4.31.v20200723.jar;C:\Users\SYSCOM\.m2\repository\org\eclipse\jetty\websocket\websocket-client\9.4.31.v20200723\websocket-client-9.4.31.v20200723.jar;C:\Users\SYSCOM\.m2\repository\org\eclipse\jetty\jetty-client\9.4.31.v20200723\jetty-client-9.4.31.v20200723.jar;C:\Users\SYSCOM\.m2\repository\org\eclipse\jetty\websocket\websocket-servlet\9.4.31.v20200723\websocket-servlet-9.4.31.v20200723.jar;C:\Users\SYSCOM\.m2\repository\org\eclipse\jetty\websocket\websocket-api\9.4.31.v20200723\websocket-api-9.4.31.v20200723.jar;C:\Users\SYSCOM\.m2\repository\com\google\code\gson\gson\2.8.8\gson-2.8.8.jar;C:\Users\SYSCOM\.m2\repository\org\slf4j\slf4j-simple\1.7.32\slf4j-simple-1.7.32.jar
Launcher Type: SUN_STANDARD

[Global flags]
     intx CICompilerCount                          = 4                                         {product} {ergonomic}
     uint ConcGCThreads                            = 2                                         {product} {ergonomic}
     uint G1ConcRefinementThreads                  = 8                                         {product} {ergonomic}
   size_t G1HeapRegionSize                         = 2097152                                   {product} {ergonomic}
    uintx GCDrainStackTargetSize                   = 64                                        {product} {ergonomic}
   size_t InitialHeapSize                          = 266338304                                 {product} {ergonomic}
   size_t MarkStackSize                            = 4194304                                   {product} {ergonomic}
   size_t MaxHeapSize                              = 4253024256                                {product} {ergonomic}
   size_t MinHeapDeltaBytes                        = 2097152                                   {product} {ergonomic}
   size_t MinHeapSize                              = 8388608                                   {product} {ergonomic}
    uintx NonNMethodCodeHeapSize                   = 5839372                                {pd product} {ergonomic}
    uintx NonProfiledCodeHeapSize                  = 122909434                              {pd product} {ergonomic}
    uintx ProfiledCodeHeapSize                     = 122909434                              {pd product} {ergonomic}
    uintx ReservedCodeCacheSize                    = 251658240                              {pd product} {ergonomic}
     bool SegmentedCodeCache                       = true                                      {product} {ergonomic}
     bool ShowCodeDetailsInExceptionMessages       = true                                   {manageable} {command line}
   size_t SoftMaxHeapSize                          = 4253024256                             {manageable} {ergonomic}
     bool UseCompressedClassPointers               = true                           {product lp64_product} {ergonomic}
     bool UseCompressedOops                        = true                           {product lp64_product} {ergonomic}
     bool UseG1GC                                  = true                                      {product} {ergonomic}
     bool UseLargePagesIndividualAllocation        = false                                  {pd product} {ergonomic}

Logging:
Log output configuration:
 #0: stdout all=warning uptime,level,tags foldmultilines=false
 #1: stderr all=off uptime,level,tags foldmultilines=false

Environment Variables:
PATH=C:/Program Files/Java/jdk-18.0.2/bin/server;C:/Program Files/Java/jdk-18.0.2/bin;C:\APP\home\bin;C:\Program Files\Common Files\Oracle\Java\javapath;C:\Program Files (x86)\Common Files\Oracle\Java\javapath;C:\WINDOWS\system32;C:\WINDOWS;C:\WINDOWS\System32\Wbem;C:\WINDOWS\System32\WindowsPowerShell\v1.0\;C:\WINDOWS\System32\OpenSSH\;C:\Program Files\Microsoft SQL Server\130\Tools\Binn\;C:\xampp\php;C:\Program Files\Java\jdk-18.0.2\bin;C:\Program Files (x86)\Microchip\xc8\v1.37\bin;C:\Program Files\Microsoft SQL Server\150\Tools\Binn\;C:\Program Files (x86)\Microchip\xc8\v1.45\bin;C:\Program Files\Git\cmd;C:\Program Files\Docker\Docker\resources\bin;C:\Users\SYSCOM\AppData\Local\Microsoft\WindowsApps;;C:\Program Files\JetBrains\IntelliJ IDEA Community Edition 2023.2\bin;;C:\WINDOWS\system32;
USERNAME=SYSCOM
OS=Windows_NT
PROCESSOR_IDENTIFIER=Intel64 Family 6 Model 142 Stepping 12, GenuineIntel



---------------  S Y S T E M  ---------------

OS:
 Windows 11 , 64 bit Build 22621 (10.0.22621.3958)
OS uptime: 0 days 3:16 hours
Hyper-V role detected

CPU: total 8 (initial active 8) (4 cores per cpu, 2 threads per core) family 6 model 142 stepping 12 microcode 0xfa, cx8, cmov, fxsr, ht, mmx, 3dnowpref, sse, sse2, sse3, ssse3, sse4.1, sse4.2, popcnt, lzcnt, tsc, tscinvbit, avx, avx2, aes, erms, clmul, bmi1, bmi2, adx, fma, vzeroupper, clflush, clflushopt, hv

Memory: 4k page, system-wide physical 16221M (5035M free)
TotalPageFile size 18260M (AvailPageFile size 97M)
current process WorkingSet (physical memory assigned to process): 12M, peak: 12M
current process commit charge ("private bytes"): 60M, peak: 314M

vm_info: Java HotSpot(TM) 64-Bit Server VM (18.0.2+9-61) for windows-amd64 JRE (18.0.2+9-61), built on Jun  7 2022 13:09:01 by "mach5one" with MS VC++ 16.8 / 16.9 (VS2019)

END.
